<?xml version="1.0" encoding="UTF-8"?>
<testsuite name="SimpleTest" tests="1" skipped="0" failures="0" errors="0" timestamp="2023-04-20T22:05:23" hostname="MSI" time="0.855">
  <properties/>
  <testcase name="mockTest()" classname="SimpleTest" time="0.855"/>
  <system-out><![CDATA[]]></system-out>
  <system-err><![CDATA[]]></system-err>
</testsuite>
